GROUP,PACKAGE,CLASS,INSTRUCTION_MISSED,INSTRUCTION_COVERED,BRANCH_MISSED,BRANCH_COVERED,LINE_MISSED,LINE_COVERED,COMPLEXITY_MISSED,COMPLEXITY_COVERED,METHOD_MISSED,METHOD_COVERED
library_managment,com.devsenior.nata.service,LibraryService,14,108,3,9,3,28,2,12,0,8
library_managment,com.devsenior.nata.model,Loan,9,12,0,0,3,5,3,1,3,1
library_managment,com.devsenior.nata.model,User,0,15,0,0,0,6,0,3,0,3
library_managment,com.devsenior.nata.model,Book,8,35,0,0,1,14,1,7,1,7
library_managment,com.devsenior.nata.exceptions,NotFoundException,0,4,0,0,0,2,0,1,0,1
