<?xml version="1.0" encoding="UTF-8"?>
<testsuite xmlns:xsi="http://www.w3.org/2001/XMLSchema-instance" xsi:noNamespaceSchemaLocation="https://maven.apache.org/surefire/maven-surefire-plugin/xsd/surefire-test-report-3.0.xsd" version="3.0" name="com.devsenior.nata.LibraryServiceTest" time="3.054" tests="12" errors="0" skipped="0" failures="0">
  <properties>
[...]
</properties>
  <testcase name="testReturnBookWhenBookIsNotLoaned" classname="com.devsenior.nata.LibraryServiceTest" time="2.839">
    <system-err><![CDATA[Mockito is currently self-attaching to enable the inline-mock-maker. This will no longer work in future releases of the JDK. Please add Mockito as an agent to your build as described in Mockito's documentation: https://javadoc.io/doc/org.mockito/mockito-core/latest/org/mockito/Mockito.html#0.3
WARNING: A Java agent has been loaded dynamically (C:\Users\Usuario\.m2\repository\net\bytebuddy\byte-buddy-agent\1.15.11\byte-buddy-agent-1.15.11.jar)
WARNING: If a serviceability tool is in use, please run with -XX:+EnableDynamicAgentLoading to hide this warning
WARNING: If a serviceability tool is not in use, please run with -Djdk.instrument.traceUsage for more information
WARNING: Dynamic loading of agents will be disallowed by default in a future release
]]></system-err>
  </testcase>
  <testcase name="testAddBook" classname="com.devsenior.nata.LibraryServiceTest" time="0.011"/>
  <testcase name="testGetBookById" classname="com.devsenior.nata.LibraryServiceTest" time="0.038"/>
  <testcase name="testGetLoansByUserId" classname="com.devsenior.nata.LibraryServiceTest" time="0.021"/>
  <testcase name="testAddUsers" classname="com.devsenior.nata.LibraryServiceTest" time="0.005"/>
  <testcase name="testGetLoansByUserIdWhenUserDoesNotExist" classname="com.devsenior.nata.LibraryServiceTest" time="0.006"/>
  <testcase name="testAddLoanBook" classname="com.devsenior.nata.LibraryServiceTest" time="0.007"/>
  <testcase name="testGetUsersByIdWhenUserDoesNotExist" classname="com.devsenior.nata.LibraryServiceTest" time="0.005"/>
  <testcase name="testReturnBook" classname="com.devsenior.nata.LibraryServiceTest" time="0.009"/>
  <testcase name="testGetUsersById" classname="com.devsenior.nata.LibraryServiceTest" time="0.004"/>
  <testcase name="addLoanBookWhenBookIsLoaned" classname="com.devsenior.nata.LibraryServiceTest" time="0.005"/>
  <testcase name="testGetLoansByUserIdWhenUserHasNoLoans" classname="com.devsenior.nata.LibraryServiceTest" time="0.004"/>
</testsuite>